[0.073s] Invoking command in '/home/lhy/ws00_helloworld/build/turtlesim': CMAKE_PREFIX_PATH=${CMAKE_PREFIX_PATH}:/home/lhy/ws00_helloworld/install/pkg02_helloworld_py:/opt/ros/humble /usr/bin/cmake --build /home/lhy/ws00_helloworld/build/turtlesim -- -j8 -l8
[0.116s] [35m[1mConsolidate compiler generated dependencies of target turtlesim__rosidl_generator_c[0m
[0.129s] [  1%] Built target turtlesim__cpp
[0.135s] [ 11%] Built target turtlesim__rosidl_generator_c
[0.140s] [ 11%] Built target ament_cmake_python_copy_turtlesim
[0.144s] [35m[1mConsolidate compiler generated dependencies of target turtlesim__rosidl_typesupport_cpp[0m
[0.144s] [35m[1mConsolidate compiler generated dependencies of target turtlesim__rosidl_typesupport_fastrtps_cpp[0m
[0.144s] [35m[1mConsolidate compiler generated dependencies of target turtlesim__rosidl_typesupport_introspection_cpp[0m
[0.149s] [35m[1mConsolidate compiler generated dependencies of target turtlesim__rosidl_typesupport_c[0m
[0.150s] [35m[1mConsolidate compiler generated dependencies of target turtlesim__rosidl_typesupport_introspection_c[0m
[0.153s] [35m[1mConsolidate compiler generated dependencies of target turtlesim__rosidl_typesupport_fastrtps_c[0m
[0.166s] [ 21%] Built target turtlesim__rosidl_typesupport_c
[0.166s] [ 31%] Built target turtlesim__rosidl_typesupport_introspection_c
[0.167s] [ 41%] Built target turtlesim__rosidl_typesupport_introspection_cpp
[0.169s] [ 51%] Built target turtlesim__rosidl_typesupport_cpp
[0.172s] [ 61%] Built target turtlesim__rosidl_typesupport_fastrtps_cpp
[0.181s] [ 71%] Built target turtlesim__rosidl_typesupport_fastrtps_c
[0.182s] [35m[1mConsolidate compiler generated dependencies of target draw_square[0m
[0.182s] [35m[1mConsolidate compiler generated dependencies of target turtle_teleop_key[0m
[0.182s] [35m[1mConsolidate compiler generated dependencies of target mimic[0m
[0.184s] [35m[1mConsolidate compiler generated dependencies of target turtlesim_node[0m
[0.200s] [ 71%] Built target turtlesim
[0.210s] [ 73%] Built target turtle_teleop_key
[0.211s] [ 75%] Built target mimic
[0.212s] [ 77%] Built target draw_square
[0.225s] [ 78%] [32mBuilding CXX object CMakeFiles/turtlesim_node.dir/include/turtlesim/moc_turtle_frame.cpp.o[0m
[0.225s] [ 79%] [32mBuilding CXX object CMakeFiles/turtlesim_node.dir/src/turtle_frame.cpp.o[0m
[0.232s] [ 80%] Built target turtlesim__py
[0.235s] [01m[K/home/lhy/ws00_helloworld/src/turtlesim/src/turtle_frame.cpp:30:10:[m[K [01;31m[Kfatal error: [m[Kturtlesicolconm/turtle_frame.h: No such file or directory
[0.235s]    30 | #include [01;31m[K"turtlesicolconm/turtle_frame.h"[m[K
[0.236s]       |          [01;31m[K^~~~~~~~~~~~~~~~~~~~~~~~~~~~~~~~[m[K
[0.236s] compilation terminated.
[0.236s] gmake[2]: *** [CMakeFiles/turtlesim_node.dir/build.make:108: CMakeFiles/turtlesim_node.dir/src/turtle_frame.cpp.o] Error 1
[0.236s] gmake[2]: *** Waiting for unfinished jobs....
[0.245s] [35m[1mConsolidate compiler generated dependencies of target turtlesim__rosidl_generator_py[0m
[0.263s] [ 89%] Built target turtlesim__rosidl_generator_py
[0.272s] [35m[1mConsolidate compiler generated dependencies of target turtlesim__rosidl_typesupport_introspection_c__pyext[0m
[0.273s] [35m[1mConsolidate compiler generated dependencies of target turtlesim__rosidl_typesupport_c__pyext[0m
[0.275s] [35m[1mConsolidate compiler generated dependencies of target turtlesim__rosidl_typesupport_fastrtps_c__pyext[0m
[0.285s] [ 91%] Built target turtlesim__rosidl_typesupport_introspection_c__pyext
[0.286s] [ 93%] Built target turtlesim__rosidl_typesupport_c__pyext
[0.294s] [ 95%] Built target turtlesim__rosidl_typesupport_fastrtps_c__pyext
[0.412s] running egg_info
[0.413s] writing turtlesim.egg-info/PKG-INFO
[0.414s] writing dependency_links to turtlesim.egg-info/dependency_links.txt
[0.414s] writing top-level names to turtlesim.egg-info/top_level.txt
[0.418s] reading manifest file 'turtlesim.egg-info/SOURCES.txt'
[0.418s] writing manifest file 'turtlesim.egg-info/SOURCES.txt'
[0.446s] [ 95%] Built target ament_cmake_python_build_turtlesim_egg
[4.552s] gmake[1]: *** [CMakeFiles/Makefile2:599: CMakeFiles/turtlesim_node.dir/all] Error 2
[4.552s] gmake: *** [Makefile:146: all] Error 2
[4.554s] Invoked command in '/home/lhy/ws00_helloworld/build/turtlesim' returned '2': CMAKE_PREFIX_PATH=${CMAKE_PREFIX_PATH}:/home/lhy/ws00_helloworld/install/pkg02_helloworld_py:/opt/ros/humble /usr/bin/cmake --build /home/lhy/ws00_helloworld/build/turtlesim -- -j8 -l8
